<?xml version="1.0" encoding="UTF-8"?>
<!-- Generated by org.testng.reporters.JUnitReportReporter -->
<testsuite hostname="BAYAN" failures="0" tests="4" name="mypackage.mytest" time="13.295" errors="0" timestamp="2024-03-09T02:40:53 EET" skipped="1">
  <testcase classname="mypackage.mytest" name="logIn" time="4.293"/>
  <system-out/>
  <testcase classname="mypackage.mytest" name="testPasswordReset" time="5.733"/>
  <system-out/>
  <testcase classname="mypackage.mytest" name="logInSuccess" time="3.269"/>
  <system-out/>
  <testcase classname="mypackage.mytest" name="logout">
    <skipped/>
  </testcase> <!-- logout -->
  <system-out/>
</testsuite> <!-- mypackage.mytest -->
